CRITICAL - 2022-04-03 09:45:23 --> Undefined variable: title
#0 C:\wamp64\www\youtubemusic\app\Views\user\templates\html-header.php(10): CodeIgniter\Debug\Exceptions->errorHandler(8, 'Undefined varia...', 'C:\\wamp64\\www\\y...', 10, Array)
#1 C:\wamp64\www\youtubemusic\system\View\View.php(210): include('C:\\wamp64\\www\\y...')
#2 C:\wamp64\www\youtubemusic\system\View\View.php(213): CodeIgniter\View\View->CodeIgniter\View\{closure}()
#3 C:\wamp64\www\youtubemusic\system\Common.php(1089): CodeIgniter\View\View->render('user/templates/...', Array, true)
#4 C:\wamp64\www\youtubemusic\app\Controllers\Compositores.php(10): view('user/templates/...')
#5 C:\wamp64\www\youtubemusic\system\CodeIgniter.php(832): App\Controllers\Compositores->index()
#6 C:\wamp64\www\youtubemusic\system\CodeIgniter.php(419): CodeIgniter\CodeIgniter->runController(Object(App\Controllers\Compositores))
#7 C:\wamp64\www\youtubemusic\system\CodeIgniter.php(326): CodeIgniter\CodeIgniter->handleRequest(NULL, Object(Config\Cache), false)
#8 C:\wamp64\www\youtubemusic\public\index.php(37): CodeIgniter\CodeIgniter->run()
#9 C:\wamp64\www\youtubemusic\system\Commands\Server\rewrite.php(43): require_once('C:\\wamp64\\www\\y...')
#10 {main}
ERROR - 2022-04-03 12:27:21 --> Error connecting to the database: Access denied for user ''@'localhost' (using password: NO)
CRITICAL - 2022-04-03 12:27:21 --> Unable to connect to the database.
Main connection [MySQLi]: Access denied for user ''@'localhost' (using password: NO)
#0 C:\wamp64\www\youtubemusic\system\Database\BaseConnection.php(577): CodeIgniter\Database\BaseConnection->initialize()
#1 C:\wamp64\www\youtubemusic\system\Database\BaseBuilder.php(1455): CodeIgniter\Database\BaseConnection->query('SELECT *\nFROM `...', Array, false)
#2 C:\wamp64\www\youtubemusic\system\Model.php(183): CodeIgniter\Database\BaseBuilder->get()
#3 C:\wamp64\www\youtubemusic\system\BaseModel.php(584): CodeIgniter\Model->doFindAll(0, 0)
#4 C:\wamp64\www\youtubemusic\app\Models\CompositoresModel.php(23): CodeIgniter\BaseModel->findAll()
#5 C:\wamp64\www\youtubemusic\app\Controllers\Compositores.php(15): App\Models\CompositoresModel->getCompositores()
#6 C:\wamp64\www\youtubemusic\system\CodeIgniter.php(832): App\Controllers\Compositores->index()
#7 C:\wamp64\www\youtubemusic\system\CodeIgniter.php(419): CodeIgniter\CodeIgniter->runController(Object(App\Controllers\Compositores))
#8 C:\wamp64\www\youtubemusic\system\CodeIgniter.php(326): CodeIgniter\CodeIgniter->handleRequest(NULL, Object(Config\Cache), false)
#9 C:\wamp64\www\youtubemusic\public\index.php(37): CodeIgniter\CodeIgniter->run()
#10 C:\wamp64\www\youtubemusic\system\Commands\Server\rewrite.php(43): require_once('C:\\wamp64\\www\\y...')
#11 {main}
ERROR - 2022-04-03 12:27:45 --> Error connecting to the database: Access denied for user '****'@'localhost' (using password: YES)
CRITICAL - 2022-04-03 12:27:45 --> Unable to connect to the database.
Main connection [MySQLi]: Access denied for user '****'@'localhost' (using password: YES)
#0 C:\wamp64\www\youtubemusic\system\Database\BaseConnection.php(577): CodeIgniter\Database\BaseConnection->initialize()
#1 C:\wamp64\www\youtubemusic\system\Database\BaseBuilder.php(1455): CodeIgniter\Database\BaseConnection->query('SELECT *\nFROM `...', Array, false)
#2 C:\wamp64\www\youtubemusic\system\Model.php(183): CodeIgniter\Database\BaseBuilder->get()
#3 C:\wamp64\www\youtubemusic\system\BaseModel.php(584): CodeIgniter\Model->doFindAll(0, 0)
#4 C:\wamp64\www\youtubemusic\app\Models\CompositoresModel.php(23): CodeIgniter\BaseModel->findAll()
#5 C:\wamp64\www\youtubemusic\app\Controllers\Compositores.php(15): App\Models\CompositoresModel->getCompositores()
#6 C:\wamp64\www\youtubemusic\system\CodeIgniter.php(832): App\Controllers\Compositores->index()
#7 C:\wamp64\www\youtubemusic\system\CodeIgniter.php(419): CodeIgniter\CodeIgniter->runController(Object(App\Controllers\Compositores))
#8 C:\wamp64\www\youtubemusic\system\CodeIgniter.php(326): CodeIgniter\CodeIgniter->handleRequest(NULL, Object(Config\Cache), false)
#9 C:\wamp64\www\youtubemusic\public\index.php(37): CodeIgniter\CodeIgniter->run()
#10 C:\wamp64\www\youtubemusic\system\Commands\Server\rewrite.php(43): require_once('C:\\wamp64\\www\\y...')
#11 {main}
ERROR - 2022-04-03 12:27:47 --> Error connecting to the database: Access denied for user '****'@'localhost' (using password: YES)
CRITICAL - 2022-04-03 12:27:47 --> Unable to connect to the database.
Main connection [MySQLi]: Access denied for user '****'@'localhost' (using password: YES)
#0 C:\wamp64\www\youtubemusic\system\Database\BaseConnection.php(577): CodeIgniter\Database\BaseConnection->initialize()
#1 C:\wamp64\www\youtubemusic\system\Database\BaseBuilder.php(1455): CodeIgniter\Database\BaseConnection->query('SELECT *\nFROM `...', Array, false)
#2 C:\wamp64\www\youtubemusic\system\Model.php(183): CodeIgniter\Database\BaseBuilder->get()
#3 C:\wamp64\www\youtubemusic\system\BaseModel.php(584): CodeIgniter\Model->doFindAll(0, 0)
#4 C:\wamp64\www\youtubemusic\app\Models\CompositoresModel.php(23): CodeIgniter\BaseModel->findAll()
#5 C:\wamp64\www\youtubemusic\app\Controllers\Compositores.php(15): App\Models\CompositoresModel->getCompositores()
#6 C:\wamp64\www\youtubemusic\system\CodeIgniter.php(832): App\Controllers\Compositores->index()
#7 C:\wamp64\www\youtubemusic\system\CodeIgniter.php(419): CodeIgniter\CodeIgniter->runController(Object(App\Controllers\Compositores))
#8 C:\wamp64\www\youtubemusic\system\CodeIgniter.php(326): CodeIgniter\CodeIgniter->handleRequest(NULL, Object(Config\Cache), false)
#9 C:\wamp64\www\youtubemusic\public\index.php(37): CodeIgniter\CodeIgniter->run()
#10 C:\wamp64\www\youtubemusic\system\Commands\Server\rewrite.php(43): require_once('C:\\wamp64\\www\\y...')
#11 {main}
CRITICAL - 2022-04-03 15:15:31 --> Undefined variable: msg
#0 C:\wamp64\www\youtubemusic\app\Views\user\pages\compositores.php(2): CodeIgniter\Debug\Exceptions->errorHandler(8, 'Undefined varia...', 'C:\\wamp64\\www\\y...', 2, Array)
#1 C:\wamp64\www\youtubemusic\system\View\View.php(210): include('C:\\wamp64\\www\\y...')
#2 C:\wamp64\www\youtubemusic\system\View\View.php(213): CodeIgniter\View\View->CodeIgniter\View\{closure}()
#3 C:\wamp64\www\youtubemusic\system\Common.php(1089): CodeIgniter\View\View->render('user/pages/comp...', Array, true)
#4 C:\wamp64\www\youtubemusic\app\Controllers\Compositores.php(20): view('user/pages/comp...')
#5 C:\wamp64\www\youtubemusic\system\CodeIgniter.php(832): App\Controllers\Compositores->index()
#6 C:\wamp64\www\youtubemusic\system\CodeIgniter.php(419): CodeIgniter\CodeIgniter->runController(Object(App\Controllers\Compositores))
#7 C:\wamp64\www\youtubemusic\system\CodeIgniter.php(326): CodeIgniter\CodeIgniter->handleRequest(NULL, Object(Config\Cache), false)
#8 C:\wamp64\www\youtubemusic\public\index.php(37): CodeIgniter\CodeIgniter->run()
#9 C:\wamp64\www\youtubemusic\system\Commands\Server\rewrite.php(43): require_once('C:\\wamp64\\www\\y...')
#10 {main}
CRITICAL - 2022-04-03 15:17:19 --> Invalid file: user/pages/composers.php
#0 C:\wamp64\www\youtubemusic\system\View\View.php(198): CodeIgniter\Exceptions\FrameworkException::forInvalidFile('user/pages/comp...')
#1 C:\wamp64\www\youtubemusic\system\Common.php(1089): CodeIgniter\View\View->render('user/pages/comp...', Array, true)
#2 C:\wamp64\www\youtubemusic\app\Controllers\Compositores.php(93): view('user/pages/comp...', Array)
#3 C:\wamp64\www\youtubemusic\system\CodeIgniter.php(832): App\Controllers\Compositores->save()
#4 C:\wamp64\www\youtubemusic\system\CodeIgniter.php(419): CodeIgniter\CodeIgniter->runController(Object(App\Controllers\Compositores))
#5 C:\wamp64\www\youtubemusic\system\CodeIgniter.php(326): CodeIgniter\CodeIgniter->handleRequest(NULL, Object(Config\Cache), false)
#6 C:\wamp64\www\youtubemusic\public\index.php(37): CodeIgniter\CodeIgniter->run()
#7 C:\wamp64\www\youtubemusic\system\Commands\Server\rewrite.php(43): require_once('C:\\wamp64\\www\\y...')
#8 {main}
CRITICAL - 2022-04-03 15:17:45 --> Invalid file: user/pages/composers.php
#0 C:\wamp64\www\youtubemusic\system\View\View.php(198): CodeIgniter\Exceptions\FrameworkException::forInvalidFile('user/pages/comp...')
#1 C:\wamp64\www\youtubemusic\system\Common.php(1089): CodeIgniter\View\View->render('user/pages/comp...', Array, true)
#2 C:\wamp64\www\youtubemusic\app\Controllers\Compositores.php(93): view('user/pages/comp...', Array)
#3 C:\wamp64\www\youtubemusic\system\CodeIgniter.php(832): App\Controllers\Compositores->save()
#4 C:\wamp64\www\youtubemusic\system\CodeIgniter.php(419): CodeIgniter\CodeIgniter->runController(Object(App\Controllers\Compositores))
#5 C:\wamp64\www\youtubemusic\system\CodeIgniter.php(326): CodeIgniter\CodeIgniter->handleRequest(NULL, Object(Config\Cache), false)
#6 C:\wamp64\www\youtubemusic\public\index.php(37): CodeIgniter\CodeIgniter->run()
#7 C:\wamp64\www\youtubemusic\system\Commands\Server\rewrite.php(43): require_once('C:\\wamp64\\www\\y...')
#8 {main}
CRITICAL - 2022-04-03 16:01:55 --> Undefined variable: model
#0 C:\wamp64\www\youtubemusic\app\Controllers\Compositores.php(138): CodeIgniter\Debug\Exceptions->errorHandler(8, 'Undefined varia...', 'C:\\wamp64\\www\\y...', 138, Array)
#1 C:\wamp64\www\youtubemusic\system\CodeIgniter.php(832): App\Controllers\Compositores->save()
#2 C:\wamp64\www\youtubemusic\system\CodeIgniter.php(419): CodeIgniter\CodeIgniter->runController(Object(App\Controllers\Compositores))
#3 C:\wamp64\www\youtubemusic\system\CodeIgniter.php(326): CodeIgniter\CodeIgniter->handleRequest(NULL, Object(Config\Cache), false)
#4 C:\wamp64\www\youtubemusic\public\index.php(37): CodeIgniter\CodeIgniter->run()
#5 C:\wamp64\www\youtubemusic\system\Commands\Server\rewrite.php(43): require_once('C:\\wamp64\\www\\y...')
#6 {main}
CRITICAL - 2022-04-03 16:02:05 --> Undefined variable: model
#0 C:\wamp64\www\youtubemusic\app\Controllers\Compositores.php(138): CodeIgniter\Debug\Exceptions->errorHandler(8, 'Undefined varia...', 'C:\\wamp64\\www\\y...', 138, Array)
#1 C:\wamp64\www\youtubemusic\system\CodeIgniter.php(832): App\Controllers\Compositores->save()
#2 C:\wamp64\www\youtubemusic\system\CodeIgniter.php(419): CodeIgniter\CodeIgniter->runController(Object(App\Controllers\Compositores))
#3 C:\wamp64\www\youtubemusic\system\CodeIgniter.php(326): CodeIgniter\CodeIgniter->handleRequest(NULL, Object(Config\Cache), false)
#4 C:\wamp64\www\youtubemusic\public\index.php(37): CodeIgniter\CodeIgniter->run()
#5 C:\wamp64\www\youtubemusic\system\Commands\Server\rewrite.php(43): require_once('C:\\wamp64\\www\\y...')
#6 {main}
CRITICAL - 2022-04-03 16:02:52 --> Undefined variable: model
#0 C:\wamp64\www\youtubemusic\app\Controllers\Compositores.php(138): CodeIgniter\Debug\Exceptions->errorHandler(8, 'Undefined varia...', 'C:\\wamp64\\www\\y...', 138, Array)
#1 C:\wamp64\www\youtubemusic\system\CodeIgniter.php(832): App\Controllers\Compositores->save()
#2 C:\wamp64\www\youtubemusic\system\CodeIgniter.php(419): CodeIgniter\CodeIgniter->runController(Object(App\Controllers\Compositores))
#3 C:\wamp64\www\youtubemusic\system\CodeIgniter.php(326): CodeIgniter\CodeIgniter->handleRequest(NULL, Object(Config\Cache), false)
#4 C:\wamp64\www\youtubemusic\public\index.php(37): CodeIgniter\CodeIgniter->run()
#5 C:\wamp64\www\youtubemusic\system\Commands\Server\rewrite.php(43): require_once('C:\\wamp64\\www\\y...')
#6 {main}
CRITICAL - 2022-04-03 16:02:53 --> Undefined variable: model
#0 C:\wamp64\www\youtubemusic\app\Controllers\Compositores.php(138): CodeIgniter\Debug\Exceptions->errorHandler(8, 'Undefined varia...', 'C:\\wamp64\\www\\y...', 138, Array)
#1 C:\wamp64\www\youtubemusic\system\CodeIgniter.php(832): App\Controllers\Compositores->save()
#2 C:\wamp64\www\youtubemusic\system\CodeIgniter.php(419): CodeIgniter\CodeIgniter->runController(Object(App\Controllers\Compositores))
#3 C:\wamp64\www\youtubemusic\system\CodeIgniter.php(326): CodeIgniter\CodeIgniter->handleRequest(NULL, Object(Config\Cache), false)
#4 C:\wamp64\www\youtubemusic\public\index.php(37): CodeIgniter\CodeIgniter->run()
#5 C:\wamp64\www\youtubemusic\system\Commands\Server\rewrite.php(43): require_once('C:\\wamp64\\www\\y...')
#6 {main}
CRITICAL - 2022-04-03 16:02:57 --> Undefined variable: model
#0 C:\wamp64\www\youtubemusic\app\Controllers\Compositores.php(138): CodeIgniter\Debug\Exceptions->errorHandler(8, 'Undefined varia...', 'C:\\wamp64\\www\\y...', 138, Array)
#1 C:\wamp64\www\youtubemusic\system\CodeIgniter.php(832): App\Controllers\Compositores->save()
#2 C:\wamp64\www\youtubemusic\system\CodeIgniter.php(419): CodeIgniter\CodeIgniter->runController(Object(App\Controllers\Compositores))
#3 C:\wamp64\www\youtubemusic\system\CodeIgniter.php(326): CodeIgniter\CodeIgniter->handleRequest(NULL, Object(Config\Cache), false)
#4 C:\wamp64\www\youtubemusic\public\index.php(37): CodeIgniter\CodeIgniter->run()
#5 C:\wamp64\www\youtubemusic\system\Commands\Server\rewrite.php(43): require_once('C:\\wamp64\\www\\y...')
#6 {main}
CRITICAL - 2022-04-03 16:03:43 --> Undefined variable: model
#0 C:\wamp64\www\youtubemusic\app\Controllers\Compositores.php(138): CodeIgniter\Debug\Exceptions->errorHandler(8, 'Undefined varia...', 'C:\\wamp64\\www\\y...', 138, Array)
#1 C:\wamp64\www\youtubemusic\system\CodeIgniter.php(832): App\Controllers\Compositores->save()
#2 C:\wamp64\www\youtubemusic\system\CodeIgniter.php(419): CodeIgniter\CodeIgniter->runController(Object(App\Controllers\Compositores))
#3 C:\wamp64\www\youtubemusic\system\CodeIgniter.php(326): CodeIgniter\CodeIgniter->handleRequest(NULL, Object(Config\Cache), false)
#4 C:\wamp64\www\youtubemusic\public\index.php(37): CodeIgniter\CodeIgniter->run()
#5 C:\wamp64\www\youtubemusic\system\Commands\Server\rewrite.php(43): require_once('C:\\wamp64\\www\\y...')
#6 {main}
CRITICAL - 2022-04-03 16:04:51 --> Undefined variable: model
#0 C:\wamp64\www\youtubemusic\app\Controllers\Compositores.php(138): CodeIgniter\Debug\Exceptions->errorHandler(8, 'Undefined varia...', 'C:\\wamp64\\www\\y...', 138, Array)
#1 C:\wamp64\www\youtubemusic\system\CodeIgniter.php(832): App\Controllers\Compositores->save()
#2 C:\wamp64\www\youtubemusic\system\CodeIgniter.php(419): CodeIgniter\CodeIgniter->runController(Object(App\Controllers\Compositores))
#3 C:\wamp64\www\youtubemusic\system\CodeIgniter.php(326): CodeIgniter\CodeIgniter->handleRequest(NULL, Object(Config\Cache), false)
#4 C:\wamp64\www\youtubemusic\public\index.php(37): CodeIgniter\CodeIgniter->run()
#5 C:\wamp64\www\youtubemusic\system\Commands\Server\rewrite.php(43): require_once('C:\\wamp64\\www\\y...')
#6 {main}
CRITICAL - 2022-04-03 16:04:54 --> Undefined variable: model
#0 C:\wamp64\www\youtubemusic\app\Controllers\Compositores.php(138): CodeIgniter\Debug\Exceptions->errorHandler(8, 'Undefined varia...', 'C:\\wamp64\\www\\y...', 138, Array)
#1 C:\wamp64\www\youtubemusic\system\CodeIgniter.php(832): App\Controllers\Compositores->save()
#2 C:\wamp64\www\youtubemusic\system\CodeIgniter.php(419): CodeIgniter\CodeIgniter->runController(Object(App\Controllers\Compositores))
#3 C:\wamp64\www\youtubemusic\system\CodeIgniter.php(326): CodeIgniter\CodeIgniter->handleRequest(NULL, Object(Config\Cache), false)
#4 C:\wamp64\www\youtubemusic\public\index.php(37): CodeIgniter\CodeIgniter->run()
#5 C:\wamp64\www\youtubemusic\system\Commands\Server\rewrite.php(43): require_once('C:\\wamp64\\www\\y...')
#6 {main}
CRITICAL - 2022-04-03 16:04:54 --> Undefined variable: model
#0 C:\wamp64\www\youtubemusic\app\Controllers\Compositores.php(138): CodeIgniter\Debug\Exceptions->errorHandler(8, 'Undefined varia...', 'C:\\wamp64\\www\\y...', 138, Array)
#1 C:\wamp64\www\youtubemusic\system\CodeIgniter.php(832): App\Controllers\Compositores->save()
#2 C:\wamp64\www\youtubemusic\system\CodeIgniter.php(419): CodeIgniter\CodeIgniter->runController(Object(App\Controllers\Compositores))
#3 C:\wamp64\www\youtubemusic\system\CodeIgniter.php(326): CodeIgniter\CodeIgniter->handleRequest(NULL, Object(Config\Cache), false)
#4 C:\wamp64\www\youtubemusic\public\index.php(37): CodeIgniter\CodeIgniter->run()
#5 C:\wamp64\www\youtubemusic\system\Commands\Server\rewrite.php(43): require_once('C:\\wamp64\\www\\y...')
#6 {main}
CRITICAL - 2022-04-03 16:04:55 --> Undefined variable: model
#0 C:\wamp64\www\youtubemusic\app\Controllers\Compositores.php(138): CodeIgniter\Debug\Exceptions->errorHandler(8, 'Undefined varia...', 'C:\\wamp64\\www\\y...', 138, Array)
#1 C:\wamp64\www\youtubemusic\system\CodeIgniter.php(832): App\Controllers\Compositores->save()
#2 C:\wamp64\www\youtubemusic\system\CodeIgniter.php(419): CodeIgniter\CodeIgniter->runController(Object(App\Controllers\Compositores))
#3 C:\wamp64\www\youtubemusic\system\CodeIgniter.php(326): CodeIgniter\CodeIgniter->handleRequest(NULL, Object(Config\Cache), false)
#4 C:\wamp64\www\youtubemusic\public\index.php(37): CodeIgniter\CodeIgniter->run()
#5 C:\wamp64\www\youtubemusic\system\Commands\Server\rewrite.php(43): require_once('C:\\wamp64\\www\\y...')
#6 {main}
CRITICAL - 2022-04-03 16:06:02 --> Undefined variable: model
#0 C:\wamp64\www\youtubemusic\app\Controllers\Compositores.php(137): CodeIgniter\Debug\Exceptions->errorHandler(8, 'Undefined varia...', 'C:\\wamp64\\www\\y...', 137, Array)
#1 C:\wamp64\www\youtubemusic\system\CodeIgniter.php(832): App\Controllers\Compositores->save()
#2 C:\wamp64\www\youtubemusic\system\CodeIgniter.php(419): CodeIgniter\CodeIgniter->runController(Object(App\Controllers\Compositores))
#3 C:\wamp64\www\youtubemusic\system\CodeIgniter.php(326): CodeIgniter\CodeIgniter->handleRequest(NULL, Object(Config\Cache), false)
#4 C:\wamp64\www\youtubemusic\public\index.php(37): CodeIgniter\CodeIgniter->run()
#5 C:\wamp64\www\youtubemusic\system\Commands\Server\rewrite.php(43): require_once('C:\\wamp64\\www\\y...')
#6 {main}
CRITICAL - 2022-04-03 16:53:43 --> Undefined variable: compositores
#0 C:\wamp64\www\youtubemusic\app\Views\user\pages\generos_musicais.php(56): CodeIgniter\Debug\Exceptions->errorHandler(8, 'Undefined varia...', 'C:\\wamp64\\www\\y...', 56, Array)
#1 C:\wamp64\www\youtubemusic\system\View\View.php(210): include('C:\\wamp64\\www\\y...')
#2 C:\wamp64\www\youtubemusic\system\View\View.php(213): CodeIgniter\View\View->CodeIgniter\View\{closure}()
#3 C:\wamp64\www\youtubemusic\system\Common.php(1089): CodeIgniter\View\View->render('user/pages/gene...', Array, true)
#4 C:\wamp64\www\youtubemusic\app\Controllers\GenerosMusicais.php(21): view('user/pages/gene...', Array)
#5 C:\wamp64\www\youtubemusic\system\CodeIgniter.php(832): App\Controllers\GenerosMusicais->index()
#6 C:\wamp64\www\youtubemusic\system\CodeIgniter.php(419): CodeIgniter\CodeIgniter->runController(Object(App\Controllers\GenerosMusicais))
#7 C:\wamp64\www\youtubemusic\system\CodeIgniter.php(326): CodeIgniter\CodeIgniter->handleRequest(NULL, Object(Config\Cache), false)
#8 C:\wamp64\www\youtubemusic\public\index.php(37): CodeIgniter\CodeIgniter->run()
#9 C:\wamp64\www\youtubemusic\system\Commands\Server\rewrite.php(43): require_once('C:\\wamp64\\www\\y...')
#10 {main}
CRITICAL - 2022-04-03 17:04:06 --> min_lenght is not a valid rule.
#0 C:\wamp64\www\youtubemusic\system\Validation\Validation.php(300): CodeIgniter\Validation\Exceptions\ValidationException::forRuleNotFound('min_lenght')
#1 C:\wamp64\www\youtubemusic\system\Validation\Validation.php(157): CodeIgniter\Validation\Validation->processRules('nome', 'Nome', 'Nicolas', Array, Array)
#2 C:\wamp64\www\youtubemusic\system\Controller.php(160): CodeIgniter\Validation\Validation->run()
#3 C:\wamp64\www\youtubemusic\app\Controllers\Generos_musicais.php(38): CodeIgniter\Controller->validate(Array)
#4 C:\wamp64\www\youtubemusic\system\CodeIgniter.php(832): App\Controllers\Generos_musicais->save()
#5 C:\wamp64\www\youtubemusic\system\CodeIgniter.php(419): CodeIgniter\CodeIgniter->runController(Object(App\Controllers\Generos_musicais))
#6 C:\wamp64\www\youtubemusic\system\CodeIgniter.php(326): CodeIgniter\CodeIgniter->handleRequest(NULL, Object(Config\Cache), false)
#7 C:\wamp64\www\youtubemusic\public\index.php(37): CodeIgniter\CodeIgniter->run()
#8 C:\wamp64\www\youtubemusic\system\Commands\Server\rewrite.php(43): require_once('C:\\wamp64\\www\\y...')
#9 {main}
CRITICAL - 2022-04-03 17:04:29 --> length is not a valid rule.
#0 C:\wamp64\www\youtubemusic\system\Validation\Validation.php(300): CodeIgniter\Validation\Exceptions\ValidationException::forRuleNotFound('length')
#1 C:\wamp64\www\youtubemusic\system\Validation\Validation.php(157): CodeIgniter\Validation\Validation->processRules('nome', 'Nome', 'Nicolas', Array, Array)
#2 C:\wamp64\www\youtubemusic\system\Controller.php(160): CodeIgniter\Validation\Validation->run()
#3 C:\wamp64\www\youtubemusic\app\Controllers\Generos_musicais.php(38): CodeIgniter\Controller->validate(Array)
#4 C:\wamp64\www\youtubemusic\system\CodeIgniter.php(832): App\Controllers\Generos_musicais->save()
#5 C:\wamp64\www\youtubemusic\system\CodeIgniter.php(419): CodeIgniter\CodeIgniter->runController(Object(App\Controllers\Generos_musicais))
#6 C:\wamp64\www\youtubemusic\system\CodeIgniter.php(326): CodeIgniter\CodeIgniter->handleRequest(NULL, Object(Config\Cache), false)
#7 C:\wamp64\www\youtubemusic\public\index.php(37): CodeIgniter\CodeIgniter->run()
#8 C:\wamp64\www\youtubemusic\system\Commands\Server\rewrite.php(43): require_once('C:\\wamp64\\www\\y...')
#9 {main}
CRITICAL - 2022-04-03 17:51:14 --> Array to string conversion
#0 C:\wamp64\www\youtubemusic\app\Views\user\pages\compositores.php(98): CodeIgniter\Debug\Exceptions->errorHandler(8, 'Array to string...', 'C:\\wamp64\\www\\y...', 98, Array)
#1 C:\wamp64\www\youtubemusic\system\View\View.php(210): include('C:\\wamp64\\www\\y...')
#2 C:\wamp64\www\youtubemusic\system\View\View.php(213): CodeIgniter\View\View->CodeIgniter\View\{closure}()
#3 C:\wamp64\www\youtubemusic\system\Common.php(1089): CodeIgniter\View\View->render('user/pages/comp...', Array, true)
#4 C:\wamp64\www\youtubemusic\app\Controllers\Compositores.php(24): view('user/pages/comp...', Array)
#5 C:\wamp64\www\youtubemusic\system\CodeIgniter.php(832): App\Controllers\Compositores->index()
#6 C:\wamp64\www\youtubemusic\system\CodeIgniter.php(419): CodeIgniter\CodeIgniter->runController(Object(App\Controllers\Compositores))
#7 C:\wamp64\www\youtubemusic\system\CodeIgniter.php(326): CodeIgniter\CodeIgniter->handleRequest(NULL, Object(Config\Cache), false)
#8 C:\wamp64\www\youtubemusic\public\index.php(37): CodeIgniter\CodeIgniter->run()
#9 C:\wamp64\www\youtubemusic\system\Commands\Server\rewrite.php(43): require_once('C:\\wamp64\\www\\y...')
#10 {main}
CRITICAL - 2022-04-03 17:52:04 --> Array to string conversion
#0 C:\wamp64\www\youtubemusic\app\Views\user\pages\compositores.php(81): CodeIgniter\Debug\Exceptions->errorHandler(8, 'Array to string...', 'C:\\wamp64\\www\\y...', 81, Array)
#1 C:\wamp64\www\youtubemusic\system\View\View.php(210): include('C:\\wamp64\\www\\y...')
#2 C:\wamp64\www\youtubemusic\system\View\View.php(213): CodeIgniter\View\View->CodeIgniter\View\{closure}()
#3 C:\wamp64\www\youtubemusic\system\Common.php(1089): CodeIgniter\View\View->render('user/pages/comp...', Array, true)
#4 C:\wamp64\www\youtubemusic\app\Controllers\Compositores.php(24): view('user/pages/comp...', Array)
#5 C:\wamp64\www\youtubemusic\system\CodeIgniter.php(832): App\Controllers\Compositores->index()
#6 C:\wamp64\www\youtubemusic\system\CodeIgniter.php(419): CodeIgniter\CodeIgniter->runController(Object(App\Controllers\Compositores))
#7 C:\wamp64\www\youtubemusic\system\CodeIgniter.php(326): CodeIgniter\CodeIgniter->handleRequest(NULL, Object(Config\Cache), false)
#8 C:\wamp64\www\youtubemusic\public\index.php(37): CodeIgniter\CodeIgniter->run()
#9 C:\wamp64\www\youtubemusic\system\Commands\Server\rewrite.php(43): require_once('C:\\wamp64\\www\\y...')
#10 {main}
CRITICAL - 2022-04-03 17:52:23 --> Array to string conversion
#0 C:\wamp64\www\youtubemusic\app\Views\user\pages\compositores.php(81): CodeIgniter\Debug\Exceptions->errorHandler(8, 'Array to string...', 'C:\\wamp64\\www\\y...', 81, Array)
#1 C:\wamp64\www\youtubemusic\system\View\View.php(210): include('C:\\wamp64\\www\\y...')
#2 C:\wamp64\www\youtubemusic\system\View\View.php(213): CodeIgniter\View\View->CodeIgniter\View\{closure}()
#3 C:\wamp64\www\youtubemusic\system\Common.php(1089): CodeIgniter\View\View->render('user/pages/comp...', Array, true)
#4 C:\wamp64\www\youtubemusic\app\Controllers\Compositores.php(24): view('user/pages/comp...', Array)
#5 C:\wamp64\www\youtubemusic\system\CodeIgniter.php(832): App\Controllers\Compositores->index()
#6 C:\wamp64\www\youtubemusic\system\CodeIgniter.php(419): CodeIgniter\CodeIgniter->runController(Object(App\Controllers\Compositores))
#7 C:\wamp64\www\youtubemusic\system\CodeIgniter.php(326): CodeIgniter\CodeIgniter->handleRequest(NULL, Object(Config\Cache), false)
#8 C:\wamp64\www\youtubemusic\public\index.php(37): CodeIgniter\CodeIgniter->run()
#9 C:\wamp64\www\youtubemusic\system\Commands\Server\rewrite.php(43): require_once('C:\\wamp64\\www\\y...')
#10 {main}
CRITICAL - 2022-04-03 17:52:28 --> Array to string conversion
#0 C:\wamp64\www\youtubemusic\app\Views\user\pages\compositores.php(81): CodeIgniter\Debug\Exceptions->errorHandler(8, 'Array to string...', 'C:\\wamp64\\www\\y...', 81, Array)
#1 C:\wamp64\www\youtubemusic\system\View\View.php(210): include('C:\\wamp64\\www\\y...')
#2 C:\wamp64\www\youtubemusic\system\View\View.php(213): CodeIgniter\View\View->CodeIgniter\View\{closure}()
#3 C:\wamp64\www\youtubemusic\system\Common.php(1089): CodeIgniter\View\View->render('user/pages/comp...', Array, true)
#4 C:\wamp64\www\youtubemusic\app\Controllers\Compositores.php(24): view('user/pages/comp...', Array)
#5 C:\wamp64\www\youtubemusic\system\CodeIgniter.php(832): App\Controllers\Compositores->index()
#6 C:\wamp64\www\youtubemusic\system\CodeIgniter.php(419): CodeIgniter\CodeIgniter->runController(Object(App\Controllers\Compositores))
#7 C:\wamp64\www\youtubemusic\system\CodeIgniter.php(326): CodeIgniter\CodeIgniter->handleRequest(NULL, Object(Config\Cache), false)
#8 C:\wamp64\www\youtubemusic\public\index.php(37): CodeIgniter\CodeIgniter->run()
#9 C:\wamp64\www\youtubemusic\system\Commands\Server\rewrite.php(43): require_once('C:\\wamp64\\www\\y...')
#10 {main}
