CRITICAL - 2022-03-20 09:59:57 --> syntax error, unexpected 'echo' (T_ECHO), expecting ';'
#0 C:\wamp64\www\youtubemusic\system\Autoloader\Autoloader.php(241): CodeIgniter\Autoloader\Autoloader->includeFile('C:\\wamp64\\www\\y...')
#1 C:\wamp64\www\youtubemusic\system\Autoloader\Autoloader.php(219): CodeIgniter\Autoloader\Autoloader->loadInNamespace('App\\Controllers...')
#2 [internal function]: CodeIgniter\Autoloader\Autoloader->loadClass('App\\Controllers...')
#3 [internal function]: spl_autoload_call('App\\Controllers...')
#4 C:\wamp64\www\youtubemusic\system\CodeIgniter.php(797): class_exists('\\App\\Controller...', true)
#5 C:\wamp64\www\youtubemusic\system\CodeIgniter.php(406): CodeIgniter\CodeIgniter->startController()
#6 C:\wamp64\www\youtubemusic\system\CodeIgniter.php(326): CodeIgniter\CodeIgniter->handleRequest(NULL, Object(Config\Cache), false)
#7 C:\wamp64\www\youtubemusic\public\index.php(37): CodeIgniter\CodeIgniter->run()
#8 C:\wamp64\www\youtubemusic\system\Commands\Server\rewrite.php(43): require_once('C:\\wamp64\\www\\y...')
#9 {main}
CRITICAL - 2022-03-20 10:00:17 --> syntax error, unexpected 'echo' (T_ECHO), expecting ';'
#0 C:\wamp64\www\youtubemusic\system\Autoloader\Autoloader.php(241): CodeIgniter\Autoloader\Autoloader->includeFile('C:\\wamp64\\www\\y...')
#1 C:\wamp64\www\youtubemusic\system\Autoloader\Autoloader.php(219): CodeIgniter\Autoloader\Autoloader->loadInNamespace('App\\Controllers...')
#2 [internal function]: CodeIgniter\Autoloader\Autoloader->loadClass('App\\Controllers...')
#3 [internal function]: spl_autoload_call('App\\Controllers...')
#4 C:\wamp64\www\youtubemusic\system\CodeIgniter.php(797): class_exists('\\App\\Controller...', true)
#5 C:\wamp64\www\youtubemusic\system\CodeIgniter.php(406): CodeIgniter\CodeIgniter->startController()
#6 C:\wamp64\www\youtubemusic\system\CodeIgniter.php(326): CodeIgniter\CodeIgniter->handleRequest(NULL, Object(Config\Cache), false)
#7 C:\wamp64\www\youtubemusic\public\index.php(37): CodeIgniter\CodeIgniter->run()
#8 C:\wamp64\www\youtubemusic\system\Commands\Server\rewrite.php(43): require_once('C:\\wamp64\\www\\y...')
#9 {main}
CRITICAL - 2022-03-20 10:00:18 --> syntax error, unexpected 'echo' (T_ECHO), expecting ';'
#0 C:\wamp64\www\youtubemusic\system\Autoloader\Autoloader.php(241): CodeIgniter\Autoloader\Autoloader->includeFile('C:\\wamp64\\www\\y...')
#1 C:\wamp64\www\youtubemusic\system\Autoloader\Autoloader.php(219): CodeIgniter\Autoloader\Autoloader->loadInNamespace('App\\Controllers...')
#2 [internal function]: CodeIgniter\Autoloader\Autoloader->loadClass('App\\Controllers...')
#3 [internal function]: spl_autoload_call('App\\Controllers...')
#4 C:\wamp64\www\youtubemusic\system\CodeIgniter.php(797): class_exists('\\App\\Controller...', true)
#5 C:\wamp64\www\youtubemusic\system\CodeIgniter.php(406): CodeIgniter\CodeIgniter->startController()
#6 C:\wamp64\www\youtubemusic\system\CodeIgniter.php(326): CodeIgniter\CodeIgniter->handleRequest(NULL, Object(Config\Cache), false)
#7 C:\wamp64\www\youtubemusic\public\index.php(37): CodeIgniter\CodeIgniter->run()
#8 C:\wamp64\www\youtubemusic\system\Commands\Server\rewrite.php(43): require_once('C:\\wamp64\\www\\y...')
#9 {main}
CRITICAL - 2022-03-20 10:00:30 --> Class 'App\Controller\Admin\BaseController' not found
#0 C:\wamp64\www\youtubemusic\system\Autoloader\Autoloader.php(264): include_once()
#1 C:\wamp64\www\youtubemusic\system\Autoloader\Autoloader.php(241): CodeIgniter\Autoloader\Autoloader->includeFile('C:\\wamp64\\www\\y...')
#2 C:\wamp64\www\youtubemusic\system\Autoloader\Autoloader.php(219): CodeIgniter\Autoloader\Autoloader->loadInNamespace('App\\Controllers...')
#3 [internal function]: CodeIgniter\Autoloader\Autoloader->loadClass('App\\Controllers...')
#4 [internal function]: spl_autoload_call('App\\Controllers...')
#5 C:\wamp64\www\youtubemusic\system\CodeIgniter.php(797): class_exists('\\App\\Controller...', true)
#6 C:\wamp64\www\youtubemusic\system\CodeIgniter.php(406): CodeIgniter\CodeIgniter->startController()
#7 C:\wamp64\www\youtubemusic\system\CodeIgniter.php(326): CodeIgniter\CodeIgniter->handleRequest(NULL, Object(Config\Cache), false)
#8 C:\wamp64\www\youtubemusic\public\index.php(37): CodeIgniter\CodeIgniter->run()
#9 C:\wamp64\www\youtubemusic\system\Commands\Server\rewrite.php(43): require_once('C:\\wamp64\\www\\y...')
#10 {main}
